-------------------------------------------------------------------------------
Test set: DemoApp.DemoApp.AppTest
-------------------------------------------------------------------------------
Tests run: 2, Failures: 1, Errors: 0, Skipped: 0, Time elapsed: 0.112 s <<< FAILURE! - in DemoApp.DemoApp.AppTest
DemoApp.DemoApp.AppTest.testApp1  Time elapsed: 0 s  <<< FAILURE!
java.lang.AssertionError
	at DemoApp.DemoApp.AppTest.testApp1(AppTest.java:15)

